Tue Aug 26 09:56:02 HKT 2014: Mail sent
Tue Aug 26 20:55:02 HKT 2014: Mail sent
Thu Aug 28 11:13:10 HKT 2014: Mail sent
Thu Aug 28 11:14:03 HKT 2014: Mail sent
Thu Aug 28 11:14:47 HKT 2014: Mail sent
Thu Aug 28 11:17:00 HKT 2014: Mail sent
Thu Aug 28 20:55:01 HKT 2014: Mail sent
Fri Aug 29 20:55:01 HKT 2014: Mail sent
Sat Aug 30 20:55:01 HKT 2014: Mail sent
Sun Aug 31 20:55:01 HKT 2014: Mail sent
Mon Sep  1 20:55:01 HKT 2014: Mail sent
Tue Sep  2 20:55:01 HKT 2014: Mail sent
Wed Sep  3 20:55:01 HKT 2014: Mail sent
Thu Sep  4 20:55:01 HKT 2014: Mail sent
Fri Sep  5 20:55:02 HKT 2014: Mail sent
Sat Sep  6 20:55:01 HKT 2014: Mail sent
Sun Sep  7 20:55:01 HKT 2014: Mail sent
Mon Sep  8 20:55:01 HKT 2014: Mail sent
Tue Sep  9 20:55:01 HKT 2014: Mail sent
Wed Sep 10 20:55:01 HKT 2014: Mail sent
Thu Sep 11 20:55:02 HKT 2014: Mail sent
Fri Sep 12 20:55:01 HKT 2014: Mail sent
Sat Sep 13 20:55:01 HKT 2014: Mail sent
Sun Sep 14 20:55:01 HKT 2014: Mail sent
Mon Sep 15 11:22:10 HKT 2014: Mail sent
Mon Sep 15 20:55:01 HKT 2014: Mail sent
Tue Sep 16 20:55:02 HKT 2014: Mail sent
Wed Sep 17 20:55:01 HKT 2014: Mail sent
Thu Sep 18 20:55:02 HKT 2014: Mail sent
Fri Sep 19 20:55:01 HKT 2014: Mail sent
Sat Sep 20 20:55:01 HKT 2014: Mail sent
Sun Sep 21 20:55:02 HKT 2014: Mail sent
Mon Sep 22 20:55:02 HKT 2014: Mail sent
Tue Sep 23 20:55:02 HKT 2014: Mail sent
Wed Sep 24 20:55:01 HKT 2014: Mail sent
Thu Sep 25 20:55:01 HKT 2014: Mail sent
Fri Sep 26 20:55:02 HKT 2014: Mail sent
Sat Sep 27 20:55:02 HKT 2014: Mail sent
Sun Sep 28 20:55:01 HKT 2014: Mail sent
Mon Sep 29 20:55:02 HKT 2014: Mail sent
Tue Sep 30 20:55:01 HKT 2014: Mail sent
Wed Oct  1 20:55:01 HKT 2014: Mail sent
Thu Oct  2 20:55:01 HKT 2014: Mail sent
Fri Oct  3 20:55:01 HKT 2014: Mail sent
Sat Oct  4 20:55:01 HKT 2014: Mail sent
Sun Oct  5 20:55:01 HKT 2014: Mail sent
Mon Oct  6 20:55:01 HKT 2014: job-checking.txt is empty
Tue Oct  7 20:55:01 HKT 2014: job-checking.txt is empty
Wed Oct  8 20:55:01 HKT 2014: job-checking.txt is empty
Thu Oct  9 20:55:01 HKT 2014: job-checking.txt is empty
Fri Oct 10 20:55:01 HKT 2014: job-checking.txt is empty
Sat Oct 11 20:55:01 HKT 2014: job-checking.txt is empty
Sun Oct 12 20:55:01 HKT 2014: job-checking.txt is empty
Mon Oct 13 20:55:01 HKT 2014: job-checking.txt is empty
Tue Oct 14 20:55:01 HKT 2014: job-checking.txt is empty
Wed Oct 15 20:55:01 HKT 2014: job-checking.txt is empty
Thu Oct 16 20:55:01 HKT 2014: job-checking.txt is empty
Fri Oct 17 20:55:01 HKT 2014: job-checking.txt is empty
Sat Oct 18 20:55:01 HKT 2014: job-checking.txt is empty
Sun Oct 19 20:55:01 HKT 2014: job-checking.txt is empty
Mon Oct 20 20:55:01 HKT 2014: job-checking.txt is empty
Tue Oct 21 20:55:01 HKT 2014: job-checking.txt is empty
Wed Oct 22 20:55:01 HKT 2014: job-checking.txt is empty
Thu Oct 23 20:55:01 HKT 2014: job-checking.txt is empty
Fri Oct 24 20:55:01 HKT 2014: job-checking.txt is empty
Sat Oct 25 20:55:01 HKT 2014: job-checking.txt is empty
Sun Oct 26 20:55:02 HKT 2014: job-checking.txt is empty
Mon Oct 27 20:55:01 HKT 2014: job-checking.txt is empty
Tue Oct 28 20:55:01 HKT 2014: job-checking.txt is empty
Wed Oct 29 20:55:01 HKT 2014: job-checking.txt is empty
Thu Oct 30 20:55:01 HKT 2014: job-checking.txt is empty
Fri Oct 31 20:55:01 HKT 2014: job-checking.txt is empty
Sat Nov  1 20:55:01 HKT 2014: job-checking.txt is empty
Sun Nov  2 20:55:01 HKT 2014: job-checking.txt is empty
Mon Nov  3 20:55:01 HKT 2014: job-checking.txt is empty
Tue Nov  4 20:55:01 HKT 2014: job-checking.txt is empty
Wed Nov  5 20:55:01 HKT 2014: job-checking.txt is empty
Thu Nov  6 20:55:01 HKT 2014: job-checking.txt is empty
Fri Nov  7 20:55:01 HKT 2014: job-checking.txt is empty
Sat Nov  8 20:55:01 HKT 2014: job-checking.txt is empty
Sun Nov  9 20:55:01 HKT 2014: job-checking.txt is empty
Mon Nov 10 20:55:01 HKT 2014: job-checking.txt is empty
Tue Nov 11 20:55:01 HKT 2014: job-checking.txt is empty
Wed Nov 12 20:55:02 HKT 2014: job-checking.txt is empty
Thu Nov 13 20:55:01 HKT 2014: job-checking.txt is empty
Fri Nov 14 20:55:01 HKT 2014: job-checking.txt is empty
Sat Nov 15 20:55:01 HKT 2014: job-checking.txt is empty
Sun Nov 16 20:55:01 HKT 2014: job-checking.txt is empty
Mon Nov 17 20:55:01 HKT 2014: job-checking.txt is empty
Tue Nov 18 20:55:01 HKT 2014: job-checking.txt is empty
Wed Nov 19 20:55:01 HKT 2014: job-checking.txt is empty
Thu Nov 20 20:55:01 HKT 2014: job-checking.txt is empty
Fri Nov 21 20:55:01 HKT 2014: job-checking.txt is empty
Sat Nov 22 20:55:01 HKT 2014: job-checking.txt is empty
Sun Nov 23 20:55:01 HKT 2014: job-checking.txt is empty
Mon Nov 24 20:55:01 HKT 2014: job-checking.txt is empty
Tue Nov 25 20:55:01 HKT 2014: job-checking.txt is empty
Wed Nov 26 20:55:01 HKT 2014: job-checking.txt is empty
Thu Nov 27 20:55:01 HKT 2014: job-checking.txt is empty
Fri Nov 28 20:55:01 HKT 2014: job-checking.txt is empty
Sat Nov 29 20:55:01 HKT 2014: job-checking.txt is empty
Sun Nov 30 20:55:01 HKT 2014: job-checking.txt is empty
Mon Dec  1 20:55:01 HKT 2014: job-checking.txt is empty
Tue Dec  2 20:55:01 HKT 2014: job-checking.txt is empty
Wed Dec  3 20:55:01 HKT 2014: job-checking.txt is empty
Thu Dec  4 20:55:01 HKT 2014: job-checking.txt is empty
Fri Dec  5 20:55:01 HKT 2014: job-checking.txt is empty
Sat Dec  6 20:55:01 HKT 2014: job-checking.txt is empty
Sun Dec  7 20:55:01 HKT 2014: job-checking.txt is empty
Mon Dec  8 20:55:01 HKT 2014: job-checking.txt is empty
Tue Dec  9 20:55:01 HKT 2014: job-checking.txt is empty
Wed Dec 10 20:55:01 HKT 2014: job-checking.txt is empty
Thu Dec 11 20:55:01 HKT 2014: job-checking.txt is empty
Fri Dec 12 20:55:01 HKT 2014: job-checking.txt is empty
Sat Dec 13 20:55:01 HKT 2014: job-checking.txt is empty
Sun Dec 14 20:55:01 HKT 2014: job-checking.txt is empty
Mon Dec 15 20:55:01 HKT 2014: job-checking.txt is empty
Tue Dec 16 20:55:01 HKT 2014: job-checking.txt is empty
Wed Dec 17 20:55:01 HKT 2014: job-checking.txt is empty
Thu Dec 18 20:55:01 HKT 2014: job-checking.txt is empty
Fri Dec 19 20:55:01 HKT 2014: job-checking.txt is empty
Sat Dec 20 20:55:01 HKT 2014: job-checking.txt is empty
Sun Dec 21 20:55:01 HKT 2014: job-checking.txt is empty
Mon Dec 22 20:55:02 HKT 2014: job-checking.txt is empty
Tue Dec 23 20:55:01 HKT 2014: job-checking.txt is empty
Wed Dec 24 20:55:01 HKT 2014: job-checking.txt is empty
Thu Dec 25 20:55:01 HKT 2014: job-checking.txt is empty
Fri Dec 26 20:55:01 HKT 2014: job-checking.txt is empty
Sat Dec 27 20:55:01 HKT 2014: job-checking.txt is empty
Sun Dec 28 20:55:01 HKT 2014: job-checking.txt is empty
Mon Dec 29 20:55:01 HKT 2014: job-checking.txt is empty
Tue Dec 30 20:55:01 HKT 2014: job-checking.txt is empty
Wed Dec 31 20:55:01 HKT 2014: job-checking.txt is empty
Thu Jan  1 20:55:01 HKT 2015: job-checking.txt is empty
Fri Jan  2 20:55:01 HKT 2015: job-checking.txt is empty
Sat Jan  3 20:55:02 HKT 2015: job-checking.txt is empty
Sun Jan  4 20:55:01 HKT 2015: job-checking.txt is empty
Mon Jan  5 20:55:01 HKT 2015: job-checking.txt is empty
Tue Jan  6 20:55:01 HKT 2015: job-checking.txt is empty
Wed Jan  7 20:55:01 HKT 2015: job-checking.txt is empty
Thu Jan  8 20:55:01 HKT 2015: job-checking.txt is empty
Fri Jan  9 20:55:01 HKT 2015: job-checking.txt is empty
Sat Jan 10 20:55:01 HKT 2015: job-checking.txt is empty
Sun Jan 11 20:55:01 HKT 2015: job-checking.txt is empty
Mon Jan 12 20:55:01 HKT 2015: job-checking.txt is empty
Tue Jan 13 20:55:01 HKT 2015: job-checking.txt is empty
Wed Jan 14 20:55:01 HKT 2015: job-checking.txt is empty
Thu Jan 15 20:55:01 HKT 2015: job-checking.txt is empty
Fri Jan 16 20:55:01 HKT 2015: job-checking.txt is empty
Sat Jan 17 20:55:01 HKT 2015: job-checking.txt is empty
Sun Jan 18 20:55:01 HKT 2015: job-checking.txt is empty
Mon Jan 19 20:55:01 HKT 2015: job-checking.txt is empty
Tue Jan 20 20:55:01 HKT 2015: job-checking.txt is empty
Wed Jan 21 20:55:02 HKT 2015: job-checking.txt is empty
Thu Jan 22 20:55:01 HKT 2015: job-checking.txt is empty
Fri Jan 23 20:55:01 HKT 2015: job-checking.txt is empty
Sat Jan 24 04:55:01 HKT 2015: job-checking.txt is empty
Sun Jan 25 04:55:01 HKT 2015: job-checking.txt is empty
Mon Jan 26 04:55:01 HKT 2015: job-checking.txt is empty
Tue Jan 27 04:55:01 HKT 2015: job-checking.txt is empty
Wed Jan 28 04:55:01 HKT 2015: job-checking.txt is empty
Thu Jan 29 04:55:01 HKT 2015: job-checking.txt is empty
Fri Jan 30 04:55:01 HKT 2015: job-checking.txt is empty
Sat Jan 31 04:55:01 HKT 2015: job-checking.txt is empty
Sun Feb  1 04:55:01 HKT 2015: job-checking.txt is empty
Mon Feb  2 04:55:01 HKT 2015: job-checking.txt is empty
Tue Feb  3 04:55:01 HKT 2015: job-checking.txt is empty
Wed Feb  4 04:55:02 HKT 2015: job-checking.txt is empty
Thu Feb  5 04:55:01 HKT 2015: job-checking.txt is empty
Fri Feb  6 04:55:01 HKT 2015: job-checking.txt is empty
Sat Feb  7 04:55:01 HKT 2015: job-checking.txt is empty
Sun Feb  8 04:55:01 HKT 2015: job-checking.txt is empty
Mon Feb  9 04:55:01 HKT 2015: job-checking.txt is empty
Tue Feb 10 04:55:01 HKT 2015: job-checking.txt is empty
Wed Feb 11 04:55:01 HKT 2015: job-checking.txt is empty
Thu Feb 12 04:55:01 HKT 2015: job-checking.txt is empty
Fri Feb 13 04:55:01 HKT 2015: job-checking.txt is empty
Sat Feb 14 04:55:01 HKT 2015: job-checking.txt is empty
Sun Feb 15 04:55:01 HKT 2015: job-checking.txt is empty
Mon Feb 16 04:55:01 HKT 2015: job-checking.txt is empty
Tue Feb 17 04:55:01 HKT 2015: job-checking.txt is empty
Wed Feb 18 04:55:02 HKT 2015: job-checking.txt is empty
Thu Feb 19 04:55:01 HKT 2015: job-checking.txt is empty
Fri Feb 20 04:55:01 HKT 2015: job-checking.txt is empty
Sat Feb 21 04:55:01 HKT 2015: job-checking.txt is empty
Sun Feb 22 04:55:01 HKT 2015: job-checking.txt is empty
Mon Feb 23 04:55:01 HKT 2015: job-checking.txt is empty
Tue Feb 24 04:55:01 HKT 2015: job-checking.txt is empty
Wed Feb 25 04:55:01 HKT 2015: job-checking.txt is empty
Thu Feb 26 04:55:01 HKT 2015: job-checking.txt is empty
Fri Feb 27 04:55:01 HKT 2015: job-checking.txt is empty
Sat Feb 28 04:55:01 HKT 2015: job-checking.txt is empty
Sun Mar  1 04:55:01 HKT 2015: job-checking.txt is empty
Mon Mar  2 04:55:01 HKT 2015: job-checking.txt is empty
Tue Mar  3 04:55:01 HKT 2015: job-checking.txt is empty
Wed Mar  4 04:55:02 HKT 2015: job-checking.txt is empty
Thu Mar  5 04:55:01 HKT 2015: job-checking.txt is empty
Fri Mar  6 04:55:01 HKT 2015: job-checking.txt is empty
Sat Mar  7 04:55:01 HKT 2015: job-checking.txt is empty
Sun Mar  8 04:55:01 HKT 2015: job-checking.txt is empty
Mon Mar  9 04:55:01 HKT 2015: job-checking.txt is empty
Tue Mar 10 04:55:01 HKT 2015: job-checking.txt is empty
Wed Mar 11 04:55:01 HKT 2015: job-checking.txt is empty
Thu Mar 12 04:55:01 HKT 2015: job-checking.txt is empty
Fri Mar 13 04:55:01 HKT 2015: job-checking.txt is empty
Sat Mar 14 04:55:01 HKT 2015: job-checking.txt is empty
Sun Mar 15 04:55:01 HKT 2015: job-checking.txt is empty
Mon Mar 16 04:55:01 HKT 2015: job-checking.txt is empty
Tue Mar 17 04:55:01 HKT 2015: job-checking.txt is empty
Wed Mar 18 04:55:01 HKT 2015: job-checking.txt is empty
Thu Mar 19 04:55:01 HKT 2015: job-checking.txt is empty
Fri Mar 20 04:55:01 HKT 2015: job-checking.txt is empty
Sat Mar 21 04:55:01 HKT 2015: job-checking.txt is empty
Sun Mar 22 04:55:01 HKT 2015: job-checking.txt is empty
Mon Mar 23 04:55:01 HKT 2015: job-checking.txt is empty
Tue Mar 24 04:55:01 HKT 2015: job-checking.txt is empty
Wed Mar 25 04:55:01 HKT 2015: job-checking.txt is empty
Thu Mar 26 04:55:01 HKT 2015: job-checking.txt is empty
Fri Mar 27 04:55:01 HKT 2015: job-checking.txt is empty
Sat Mar 28 04:55:01 HKT 2015: job-checking.txt is empty
Sun Mar 29 04:55:01 HKT 2015: job-checking.txt is empty
Mon Mar 30 04:55:01 HKT 2015: job-checking.txt is empty
Tue Mar 31 04:55:01 HKT 2015: job-checking.txt is empty
Wed Apr  1 04:55:01 HKT 2015: job-checking.txt is empty
Thu Apr  2 04:55:01 HKT 2015: job-checking.txt is empty
Fri Apr  3 04:55:01 HKT 2015: job-checking.txt is empty
Sat Apr  4 04:55:01 HKT 2015: job-checking.txt is empty
Sun Apr  5 04:55:01 HKT 2015: job-checking.txt is empty
Mon Apr  6 04:55:01 HKT 2015: job-checking.txt is empty
Tue Apr  7 04:55:02 HKT 2015: job-checking.txt is empty
Wed Apr  8 04:55:01 HKT 2015: job-checking.txt is empty
Thu Apr  9 04:55:01 HKT 2015: job-checking.txt is empty
Fri Apr 10 04:55:01 HKT 2015: job-checking.txt is empty
Sat Apr 11 04:55:01 HKT 2015: job-checking.txt is empty
Sun Apr 12 04:55:01 HKT 2015: job-checking.txt is empty
Mon Apr 13 04:55:01 HKT 2015: job-checking.txt is empty
Tue Apr 14 04:55:01 HKT 2015: job-checking.txt is empty
Wed Apr 15 04:55:01 HKT 2015: job-checking.txt is empty
Thu Apr 16 04:55:01 HKT 2015: job-checking.txt is empty
Fri Apr 17 04:55:01 HKT 2015: job-checking.txt is empty
Sat Apr 18 04:55:01 HKT 2015: job-checking.txt is empty
Sun Apr 19 04:55:01 HKT 2015: job-checking.txt is empty
Mon Apr 20 04:55:01 HKT 2015: job-checking.txt is empty
Tue Apr 21 04:55:01 HKT 2015: job-checking.txt is empty
Wed Apr 22 04:55:01 HKT 2015: job-checking.txt is empty
Thu Apr 23 04:55:01 HKT 2015: job-checking.txt is empty
Fri Apr 24 04:55:01 HKT 2015: job-checking.txt is empty
Sat Apr 25 04:55:01 HKT 2015: job-checking.txt is empty
Sun Apr 26 04:55:01 HKT 2015: job-checking.txt is empty
Mon Apr 27 04:55:01 HKT 2015: job-checking.txt is empty
Tue Apr 28 04:55:01 HKT 2015: job-checking.txt is empty
Wed Apr 29 04:55:01 HKT 2015: job-checking.txt is empty
Thu Apr 30 04:55:01 HKT 2015: job-checking.txt is empty
Fri May  1 04:55:01 HKT 2015: job-checking.txt is empty
Sat May  2 04:55:01 HKT 2015: job-checking.txt is empty
Sun May  3 04:55:01 HKT 2015: job-checking.txt is empty
Mon May  4 04:55:01 HKT 2015: job-checking.txt is empty
Tue May  5 04:55:01 HKT 2015: job-checking.txt is empty
Wed May  6 04:55:01 HKT 2015: job-checking.txt is empty
Thu May  7 04:55:01 HKT 2015: job-checking.txt is empty
Fri May  8 04:55:01 HKT 2015: job-checking.txt is empty
Sat May  9 04:55:01 HKT 2015: job-checking.txt is empty
Sun May 10 04:55:01 HKT 2015: job-checking.txt is empty
Mon May 11 04:55:01 HKT 2015: job-checking.txt is empty
Tue May 12 04:55:01 HKT 2015: job-checking.txt is empty
Wed May 13 04:55:01 HKT 2015: job-checking.txt is empty
Thu May 14 04:55:01 HKT 2015: job-checking.txt is empty
Fri May 15 04:55:01 HKT 2015: job-checking.txt is empty
Sat May 16 04:55:01 HKT 2015: job-checking.txt is empty
Sun May 17 04:55:01 HKT 2015: job-checking.txt is empty
Mon May 18 04:55:01 HKT 2015: job-checking.txt is empty
Tue May 19 04:55:01 HKT 2015: job-checking.txt is empty
Wed May 20 04:55:01 HKT 2015: job-checking.txt is empty
Thu May 21 04:55:01 HKT 2015: job-checking.txt is empty
Fri May 22 04:55:01 HKT 2015: job-checking.txt is empty
Sat May 23 04:55:01 HKT 2015: job-checking.txt is empty
Sun May 24 04:55:01 HKT 2015: job-checking.txt is empty
Mon May 25 04:55:01 HKT 2015: job-checking.txt is empty
Tue May 26 04:55:01 HKT 2015: job-checking.txt is empty
Wed May 27 04:55:01 HKT 2015: job-checking.txt is empty
Thu May 28 04:55:01 HKT 2015: job-checking.txt is empty
Fri May 29 04:55:01 HKT 2015: job-checking.txt is empty
Sat May 30 04:55:01 HKT 2015: job-checking.txt is empty
Sun May 31 04:55:01 HKT 2015: job-checking.txt is empty
Mon Jun  1 04:55:01 HKT 2015: job-checking.txt is empty
Tue Jun  2 04:55:01 HKT 2015: job-checking.txt is empty
Wed Jun  3 04:55:01 HKT 2015: job-checking.txt is empty
Thu Jun  4 04:55:01 HKT 2015: job-checking.txt is empty
Fri Jun  5 04:55:01 HKT 2015: job-checking.txt is empty
Sat Jun  6 04:55:01 HKT 2015: job-checking.txt is empty
Sun Jun  7 04:55:01 HKT 2015: job-checking.txt is empty
Wed Jun 10 04:55:01 HKT 2015: job-checking.txt is empty
Thu Jun 11 04:55:01 HKT 2015: job-checking.txt is empty
Fri Jun 12 04:55:01 HKT 2015: job-checking.txt is empty
Sat Jun 13 04:55:01 HKT 2015: job-checking.txt is empty
Sun Jun 14 04:55:01 HKT 2015: job-checking.txt is empty
Mon Jun 15 04:55:01 HKT 2015: job-checking.txt is empty
Tue Jun 16 04:55:01 HKT 2015: job-checking.txt is empty
Wed Jun 17 04:55:01 HKT 2015: job-checking.txt is empty
Thu Jun 18 04:55:01 HKT 2015: job-checking.txt is empty
Fri Jun 19 04:55:01 HKT 2015: job-checking.txt is empty
Sat Jun 20 04:55:01 HKT 2015: job-checking.txt is empty
Sun Jun 21 04:55:01 HKT 2015: job-checking.txt is empty
Mon Jun 22 04:55:01 HKT 2015: job-checking.txt is empty
Tue Jun 23 04:55:01 HKT 2015: job-checking.txt is empty
Wed Jun 24 04:55:01 HKT 2015: job-checking.txt is empty
Thu Jun 25 04:55:01 HKT 2015: job-checking.txt is empty
Fri Jun 26 04:55:01 HKT 2015: job-checking.txt is empty
